{"O:\\projects\\namava\\internship\\namava-login\\styleMock.js": {"path":"O:\\projects\\namava\\internship\\namava-login\\styleMock.js","statementMap":{"0":{"start":{"line":1,"column":0},"end":{"line":1,"column":19}}},"fnMap":{},"branchMap":{},"s":{"0":4},"f":{},"b":{},"_coverageSchema":"1a1c01bbd47fc00a2c39e90264f33305004495a9","hash":"0d9203ae1457f40961dfec6cdd6cce89be49c61c"}
,"O:\\projects\\namava\\internship\\namava-login\\src\\components\\HideEye\\index.jsx": {"path":"O:\\projects\\namava\\internship\\namava-login\\src\\components\\HideEye\\index.jsx","statementMap":{"0":{"start":{"line":5,"column":2},"end":{"line":25,"column":3}}},"fnMap":{"0":{"name":"HideEye","decl":{"start":{"line":4,"column":24},"end":{"line":4,"column":31}},"loc":{"start":{"line":4,"column":39},"end":{"line":26,"column":1}},"line":4}},"branchMap":{},"s":{"0":1},"f":{"0":1},"b":{},"_coverageSchema":"1a1c01bbd47fc00a2c39e90264f33305004495a9","hash":"ebe9a8635b8ce58b8dae440d8f5ee96804e8e8af"}
,"O:\\projects\\namava\\internship\\namava-login\\src\\components\\ShowEye\\index.jsx": {"path":"O:\\projects\\namava\\internship\\namava-login\\src\\components\\ShowEye\\index.jsx","statementMap":{"0":{"start":{"line":5,"column":2},"end":{"line":25,"column":3}}},"fnMap":{"0":{"name":"ShowEye","decl":{"start":{"line":4,"column":24},"end":{"line":4,"column":31}},"loc":{"start":{"line":4,"column":40},"end":{"line":26,"column":1}},"line":4}},"branchMap":{},"s":{"0":9},"f":{"0":9},"b":{},"_coverageSchema":"1a1c01bbd47fc00a2c39e90264f33305004495a9","hash":"ef6582d1e8930c20d3a00c9c66b48013cf188f52"}
,"O:\\projects\\namava\\internship\\namava-login\\src\\components\\Toast\\index.jsx": {"path":"O:\\projects\\namava\\internship\\namava-login\\src\\components\\Toast\\index.jsx","statementMap":{"0":{"start":{"line":5,"column":38},"end":{"line":5,"column":50}},"1":{"start":{"line":7,"column":2},"end":{"line":9,"column":13}},"2":{"start":{"line":8,"column":4},"end":{"line":8,"column":35}},"3":{"start":{"line":8,"column":15},"end":{"line":8,"column":35}},"4":{"start":{"line":11,"column":2},"end":{"line":16,"column":3}}},"fnMap":{"0":{"name":"Toast","decl":{"start":{"line":4,"column":24},"end":{"line":4,"column":29}},"loc":{"start":{"line":4,"column":49},"end":{"line":17,"column":1}},"line":4},"1":{"name":"(anonymous_1)","decl":{"start":{"line":7,"column":12},"end":{"line":7,"column":13}},"loc":{"start":{"line":7,"column":18},"end":{"line":9,"column":3}},"line":7}},"branchMap":{"0":{"loc":{"start":{"line":8,"column":4},"end":{"line":8,"column":35}},"type":"if","locations":[{"start":{"line":8,"column":4},"end":{"line":8,"column":35}},{"start":{},"end":{}}],"line":8},"1":{"loc":{"start":{"line":12,"column":30},"end":{"line":12,"column":47}},"type":"binary-expr","locations":[{"start":{"line":12,"column":30},"end":{"line":12,"column":35}},{"start":{"line":12,"column":39},"end":{"line":12,"column":47}}],"line":12},"2":{"loc":{"start":{"line":12,"column":51},"end":{"line":12,"column":84}},"type":"binary-expr","locations":[{"start":{"line":12,"column":51},"end":{"line":12,"column":71}},{"start":{"line":12,"column":75},"end":{"line":12,"column":84}}],"line":12},"3":{"loc":{"start":{"line":13,"column":7},"end":{"line":13,"column":110}},"type":"binary-expr","locations":[{"start":{"line":13,"column":7},"end":{"line":13,"column":25}},{"start":{"line":13,"column":29},"end":{"line":13,"column":110}}],"line":13}},"s":{"0":39,"1":39,"2":12,"3":5,"4":39},"f":{"0":39,"1":12},"b":{"0":[5,7],"1":[39,10],"2":[39,3],"3":[39,36]},"_coverageSchema":"1a1c01bbd47fc00a2c39e90264f33305004495a9","hash":"e5f598a05da634390a724418fdb6e91a8b6c6f87"}
,"O:\\projects\\namava\\internship\\namava-login\\src\\constants\\fa.js": {"path":"O:\\projects\\namava\\internship\\namava-login\\src\\constants\\fa.js","statementMap":{"0":{"start":{"line":1,"column":25},"end":{"line":5,"column":1}}},"fnMap":{},"branchMap":{},"s":{"0":1},"f":{},"b":{},"_coverageSchema":"1a1c01bbd47fc00a2c39e90264f33305004495a9","hash":"715c9f08ad90efae9a4a3f0629ea72e251e6dc5d"}
,"O:\\projects\\namava\\internship\\namava-login\\src\\pages\\LoginPage\\index.jsx": {"path":"O:\\projects\\namava\\internship\\namava-login\\src\\pages\\LoginPage\\index.jsx","statementMap":{"0":{"start":{"line":13,"column":28},"end":{"line":13,"column":40}},"1":{"start":{"line":14,"column":34},"end":{"line":14,"column":46}},"2":{"start":{"line":15,"column":32},"end":{"line":15,"column":47}},"3":{"start":{"line":16,"column":38},"end":{"line":16,"column":50}},"4":{"start":{"line":17,"column":36},"end":{"line":17,"column":51}},"5":{"start":{"line":18,"column":30},"end":{"line":18,"column":47}},"6":{"start":{"line":21,"column":4},"end":{"line":22,"column":36}},"7":{"start":{"line":21,"column":35},"end":{"line":21,"column":59}},"8":{"start":{"line":22,"column":9},"end":{"line":22,"column":36}},"9":{"start":{"line":26,"column":4},"end":{"line":29,"column":5}},"10":{"start":{"line":27,"column":6},"end":{"line":27,"column":24}},"11":{"start":{"line":28,"column":6},"end":{"line":28,"column":22}},"12":{"start":{"line":33,"column":4},"end":{"line":38,"column":5}},"13":{"start":{"line":34,"column":6},"end":{"line":37,"column":7}},"14":{"start":{"line":35,"column":8},"end":{"line":35,"column":26}},"15":{"start":{"line":36,"column":8},"end":{"line":36,"column":24}},"16":{"start":{"line":42,"column":4},"end":{"line":46,"column":5}},"17":{"start":{"line":42,"column":32},"end":{"line":42,"column":43}},"18":{"start":{"line":44,"column":6},"end":{"line":44,"column":53}},"19":{"start":{"line":45,"column":6},"end":{"line":45,"column":18}},"20":{"start":{"line":50,"column":4},"end":{"line":50,"column":21}},"21":{"start":{"line":51,"column":4},"end":{"line":51,"column":24}},"22":{"start":{"line":52,"column":4},"end":{"line":54,"column":12}},"23":{"start":{"line":53,"column":6},"end":{"line":53,"column":23}},"24":{"start":{"line":58,"column":19},"end":{"line":58,"column":64}},"25":{"start":{"line":61,"column":4},"end":{"line":61,"column":23}},"26":{"start":{"line":63,"column":4},"end":{"line":64,"column":90}},"27":{"start":{"line":63,"column":27},"end":{"line":63,"column":76}},"28":{"start":{"line":64,"column":9},"end":{"line":64,"column":90}},"29":{"start":{"line":67,"column":2},"end":{"line":137,"column":3}},"30":{"start":{"line":114,"column":42},"end":{"line":114,"column":63}},"31":{"start":{"line":114,"column":59},"end":{"line":114,"column":62}},"32":{"start":{"line":115,"column":42},"end":{"line":115,"column":63}},"33":{"start":{"line":115,"column":59},"end":{"line":115,"column":62}}},"fnMap":{"0":{"name":"LoginPage","decl":{"start":{"line":12,"column":24},"end":{"line":12,"column":33}},"loc":{"start":{"line":12,"column":37},"end":{"line":138,"column":1}},"line":12},"1":{"name":"inputChangeHandler","decl":{"start":{"line":20,"column":11},"end":{"line":20,"column":29}},"loc":{"start":{"line":20,"column":34},"end":{"line":23,"column":3}},"line":20},"2":{"name":"loginBtnClickHandler","decl":{"start":{"line":25,"column":11},"end":{"line":25,"column":31}},"loc":{"start":{"line":25,"column":35},"end":{"line":30,"column":3}},"line":25},"3":{"name":"inputKeyDownHandler","decl":{"start":{"line":32,"column":11},"end":{"line":32,"column":30}},"loc":{"start":{"line":32,"column":35},"end":{"line":39,"column":3}},"line":32},"4":{"name":"formCheck","decl":{"start":{"line":41,"column":11},"end":{"line":41,"column":20}},"loc":{"start":{"line":41,"column":24},"end":{"line":47,"column":3}},"line":41},"5":{"name":"toastMessage","decl":{"start":{"line":49,"column":11},"end":{"line":49,"column":23}},"loc":{"start":{"line":49,"column":40},"end":{"line":55,"column":3}},"line":49},"6":{"name":"(anonymous_6)","decl":{"start":{"line":52,"column":15},"end":{"line":52,"column":16}},"loc":{"start":{"line":52,"column":21},"end":{"line":54,"column":5}},"line":52},"7":{"name":"authentication","decl":{"start":{"line":57,"column":17},"end":{"line":57,"column":31}},"loc":{"start":{"line":57,"column":35},"end":{"line":65,"column":3}},"line":57},"8":{"name":"(anonymous_8)","decl":{"start":{"line":114,"column":36},"end":{"line":114,"column":37}},"loc":{"start":{"line":114,"column":42},"end":{"line":114,"column":63}},"line":114},"9":{"name":"(anonymous_9)","decl":{"start":{"line":114,"column":53},"end":{"line":114,"column":54}},"loc":{"start":{"line":114,"column":59},"end":{"line":114,"column":62}},"line":114},"10":{"name":"(anonymous_10)","decl":{"start":{"line":115,"column":36},"end":{"line":115,"column":37}},"loc":{"start":{"line":115,"column":42},"end":{"line":115,"column":63}},"line":115},"11":{"name":"(anonymous_11)","decl":{"start":{"line":115,"column":53},"end":{"line":115,"column":54}},"loc":{"start":{"line":115,"column":59},"end":{"line":115,"column":62}},"line":115}},"branchMap":{"0":{"loc":{"start":{"line":21,"column":4},"end":{"line":22,"column":36}},"type":"if","locations":[{"start":{"line":21,"column":4},"end":{"line":22,"column":36}},{"start":{"line":22,"column":9},"end":{"line":22,"column":36}}],"line":21},"1":{"loc":{"start":{"line":26,"column":4},"end":{"line":29,"column":5}},"type":"if","locations":[{"start":{"line":26,"column":4},"end":{"line":29,"column":5}},{"start":{},"end":{}}],"line":26},"2":{"loc":{"start":{"line":33,"column":4},"end":{"line":38,"column":5}},"type":"if","locations":[{"start":{"line":33,"column":4},"end":{"line":38,"column":5}},{"start":{},"end":{}}],"line":33},"3":{"loc":{"start":{"line":33,"column":8},"end":{"line":33,"column":46}},"type":"binary-expr","locations":[{"start":{"line":33,"column":8},"end":{"line":33,"column":25}},{"start":{"line":33,"column":29},"end":{"line":33,"column":34}},{"start":{"line":33,"column":38},"end":{"line":33,"column":46}}],"line":33},"4":{"loc":{"start":{"line":34,"column":6},"end":{"line":37,"column":7}},"type":"if","locations":[{"start":{"line":34,"column":6},"end":{"line":37,"column":7}},{"start":{},"end":{}}],"line":34},"5":{"loc":{"start":{"line":42,"column":4},"end":{"line":46,"column":5}},"type":"if","locations":[{"start":{"line":42,"column":4},"end":{"line":46,"column":5}},{"start":{"line":43,"column":9},"end":{"line":46,"column":5}}],"line":42},"6":{"loc":{"start":{"line":63,"column":4},"end":{"line":64,"column":90}},"type":"if","locations":[{"start":{"line":63,"column":4},"end":{"line":64,"column":90}},{"start":{"line":64,"column":9},"end":{"line":64,"column":90}}],"line":63},"7":{"loc":{"start":{"line":64,"column":34},"end":{"line":64,"column":87}},"type":"binary-expr","locations":[{"start":{"line":64,"column":34},"end":{"line":64,"column":71}},{"start":{"line":64,"column":75},"end":{"line":64,"column":87}}],"line":64},"8":{"loc":{"start":{"line":83,"column":39},"end":{"line":83,"column":55}},"type":"binary-expr","locations":[{"start":{"line":83,"column":39},"end":{"line":83,"column":44}},{"start":{"line":83,"column":48},"end":{"line":83,"column":55}}],"line":83},"9":{"loc":{"start":{"line":90,"column":42},"end":{"line":90,"column":68}},"type":"binary-expr","locations":[{"start":{"line":90,"column":42},"end":{"line":90,"column":47}},{"start":{"line":90,"column":51},"end":{"line":90,"column":68}}],"line":90},"10":{"loc":{"start":{"line":99,"column":42},"end":{"line":99,"column":64}},"type":"binary-expr","locations":[{"start":{"line":99,"column":42},"end":{"line":99,"column":50}},{"start":{"line":99,"column":54},"end":{"line":99,"column":64}}],"line":99},"11":{"loc":{"start":{"line":103,"column":25},"end":{"line":103,"column":66}},"type":"cond-expr","locations":[{"start":{"line":103,"column":47},"end":{"line":103,"column":53}},{"start":{"line":103,"column":56},"end":{"line":103,"column":66}}],"line":103},"12":{"loc":{"start":{"line":103,"column":25},"end":{"line":103,"column":44}},"type":"binary-expr","locations":[{"start":{"line":103,"column":25},"end":{"line":103,"column":33}},{"start":{"line":103,"column":37},"end":{"line":103,"column":44}}],"line":103},"13":{"loc":{"start":{"line":107,"column":45},"end":{"line":107,"column":74}},"type":"binary-expr","locations":[{"start":{"line":107,"column":45},"end":{"line":107,"column":53}},{"start":{"line":107,"column":57},"end":{"line":107,"column":74}}],"line":107},"14":{"loc":{"start":{"line":112,"column":15},"end":{"line":116,"column":17}},"type":"binary-expr","locations":[{"start":{"line":112,"column":15},"end":{"line":112,"column":23}},{"start":{"line":113,"column":17},"end":{"line":115,"column":67}}],"line":112},"15":{"loc":{"start":{"line":113,"column":17},"end":{"line":115,"column":67}},"type":"cond-expr","locations":[{"start":{"line":114,"column":18},"end":{"line":114,"column":67}},{"start":{"line":115,"column":18},"end":{"line":115,"column":67}}],"line":113},"16":{"loc":{"start":{"line":122,"column":37},"end":{"line":122,"column":76}},"type":"binary-expr","locations":[{"start":{"line":122,"column":38},"end":{"line":122,"column":47}},{"start":{"line":122,"column":51},"end":{"line":122,"column":57}},{"start":{"line":122,"column":62},"end":{"line":122,"column":76}}],"line":122},"17":{"loc":{"start":{"line":124,"column":20},"end":{"line":124,"column":39}},"type":"binary-expr","locations":[{"start":{"line":124,"column":20},"end":{"line":124,"column":29}},{"start":{"line":124,"column":33},"end":{"line":124,"column":39}}],"line":124},"18":{"loc":{"start":{"line":126,"column":11},"end":{"line":126,"column":112}},"type":"cond-expr","locations":[{"start":{"line":126,"column":23},"end":{"line":126,"column":103}},{"start":{"line":126,"column":106},"end":{"line":126,"column":112}}],"line":126}},"s":{"0":32,"1":31,"2":31,"3":31,"4":31,"5":31,"6":21,"7":17,"8":4,"9":3,"10":1,"11":1,"12":14,"13":1,"14":0,"15":0,"16":4,"17":1,"18":3,"19":3,"20":4,"21":4,"22":4,"23":0,"24":1,"25":1,"26":1,"27":0,"28":1,"29":31,"30":0,"31":0,"32":0,"33":0},"f":{"0":32,"1":21,"2":3,"3":14,"4":4,"5":4,"6":0,"7":1,"8":0,"9":0,"10":0,"11":0},"b":{"0":[17,4],"1":[1,2],"2":[1,13],"3":[14,1,1],"4":[0,1],"5":[1,3],"6":[0,1],"7":[1,1],"8":[31,25],"9":[31,25],"10":[31,8],"11":[0,31],"12":[31,8],"13":[31,8],"14":[31,8],"15":[0,8],"16":[31,8,23],"17":[31,8],"18":[1,30]},"_coverageSchema":"1a1c01bbd47fc00a2c39e90264f33305004495a9","hash":"92c832260b333b4fb97dbd49843121b736d74993"}
,"O:\\projects\\namava\\internship\\namava-login\\src\\services\\postUserCredential.js": {"path":"O:\\projects\\namava\\internship\\namava-login\\src\\services\\postUserCredential.js","statementMap":{"0":{"start":{"line":3,"column":17},"end":{"line":3,"column":40}},"1":{"start":{"line":6,"column":2},"end":{"line":16,"column":3}},"2":{"start":{"line":7,"column":21},"end":{"line":11,"column":8}},"3":{"start":{"line":13,"column":4},"end":{"line":13,"column":25}},"4":{"start":{"line":15,"column":4},"end":{"line":15,"column":16}}},"fnMap":{"0":{"name":"postUserCredential","decl":{"start":{"line":5,"column":30},"end":{"line":5,"column":48}},"loc":{"start":{"line":5,"column":70},"end":{"line":17,"column":1}},"line":5}},"branchMap":{},"s":{"0":1,"1":2,"2":2,"3":1,"4":1},"f":{"0":2},"b":{},"_coverageSchema":"1a1c01bbd47fc00a2c39e90264f33305004495a9","hash":"ff04a496ffb8b73c2cf2cb7fb82d3e675ed83f6f"}
,"O:\\projects\\namava\\internship\\namava-login\\src\\utils\\emailValidation.js": {"path":"O:\\projects\\namava\\internship\\namava-login\\src\\utils\\emailValidation.js","statementMap":{"0":{"start":{"line":2,"column":2},"end":{"line":6,"column":5}}},"fnMap":{"0":{"name":"emailValidation","decl":{"start":{"line":1,"column":24},"end":{"line":1,"column":39}},"loc":{"start":{"line":1,"column":47},"end":{"line":7,"column":1}},"line":1}},"branchMap":{},"s":{"0":0},"f":{"0":0},"b":{},"_coverageSchema":"1a1c01bbd47fc00a2c39e90264f33305004495a9","hash":"a7b6314ea92b10d392552a7f1a9f8d869275d605"}
}
