TN:
SF:styleMock.js
FNF:0
FNH:0
DA:1,4
LF:1
LH:1
BRF:0
BRH:0
end_of_record
TN:
SF:src\components\HideEye\index.jsx
FN:4,HideEye
FNF:1
FNH:1
FNDA:1,HideEye
DA:5,1
LF:1
LH:1
BRF:0
BRH:0
end_of_record
TN:
SF:src\components\ShowEye\index.jsx
FN:4,ShowEye
FNF:1
FNH:1
FNDA:9,ShowEye
DA:5,9
LF:1
LH:1
BRF:0
BRH:0
end_of_record
TN:
SF:src\components\Toast\index.jsx
FN:4,Toast
FN:7,(anonymous_1)
FNF:2
FNH:2
FNDA:39,Toast
FNDA:12,(anonymous_1)
DA:5,39
DA:7,39
DA:8,12
DA:11,39
LF:4
LH:4
BRDA:8,0,0,5
BRDA:8,0,1,7
BRDA:12,1,0,39
BRDA:12,1,1,10
BRDA:12,2,0,39
BRDA:12,2,1,3
BRDA:13,3,0,39
BRDA:13,3,1,36
BRF:8
BRH:8
end_of_record
TN:
SF:src\constants\fa.js
FNF:0
FNH:0
DA:1,1
LF:1
LH:1
BRF:0
BRH:0
end_of_record
TN:
SF:src\pages\LoginPage\index.jsx
FN:12,LoginPage
FN:20,inputChangeHandler
FN:25,loginBtnClickHandler
FN:32,inputKeyDownHandler
FN:41,formCheck
FN:49,toastMessage
FN:52,(anonymous_6)
FN:57,authentication
FN:114,(anonymous_8)
FN:114,(anonymous_9)
FN:115,(anonymous_10)
FN:115,(anonymous_11)
FNF:12
FNH:7
FNDA:32,LoginPage
FNDA:21,inputChangeHandler
FNDA:3,loginBtnClickHandler
FNDA:14,inputKeyDownHandler
FNDA:4,formCheck
FNDA:4,toastMessage
FNDA:0,(anonymous_6)
FNDA:1,authentication
FNDA:0,(anonymous_8)
FNDA:0,(anonymous_9)
FNDA:0,(anonymous_10)
FNDA:0,(anonymous_11)
DA:13,32
DA:14,31
DA:15,31
DA:16,31
DA:17,31
DA:18,31
DA:21,21
DA:22,4
DA:26,3
DA:27,1
DA:28,1
DA:33,14
DA:34,1
DA:35,0
DA:36,0
DA:42,4
DA:44,3
DA:45,3
DA:50,4
DA:51,4
DA:52,4
DA:53,0
DA:58,1
DA:61,1
DA:63,1
DA:64,1
DA:67,31
DA:114,0
DA:115,0
LF:29
LH:24
BRDA:21,0,0,17
BRDA:21,0,1,4
BRDA:26,1,0,1
BRDA:26,1,1,2
BRDA:33,2,0,1
BRDA:33,2,1,13
BRDA:33,3,0,14
BRDA:33,3,1,1
BRDA:33,3,2,1
BRDA:34,4,0,0
BRDA:34,4,1,1
BRDA:42,5,0,1
BRDA:42,5,1,3
BRDA:63,6,0,0
BRDA:63,6,1,1
BRDA:64,7,0,1
BRDA:64,7,1,1
BRDA:83,8,0,31
BRDA:83,8,1,25
BRDA:90,9,0,31
BRDA:90,9,1,25
BRDA:99,10,0,31
BRDA:99,10,1,8
BRDA:103,11,0,0
BRDA:103,11,1,31
BRDA:103,12,0,31
BRDA:103,12,1,8
BRDA:107,13,0,31
BRDA:107,13,1,8
BRDA:112,14,0,31
BRDA:112,14,1,8
BRDA:113,15,0,0
BRDA:113,15,1,8
BRDA:122,16,0,31
BRDA:122,16,1,8
BRDA:122,16,2,23
BRDA:124,17,0,31
BRDA:124,17,1,8
BRDA:126,18,0,1
BRDA:126,18,1,30
BRF:40
BRH:36
end_of_record
TN:
SF:src\services\postUserCredential.js
FN:5,postUserCredential
FNF:1
FNH:1
FNDA:2,postUserCredential
DA:3,1
DA:6,2
DA:7,2
DA:13,1
DA:15,1
LF:5
LH:5
BRF:0
BRH:0
end_of_record
TN:
SF:src\utils\emailValidation.js
FN:1,emailValidation
FNF:1
FNH:0
FNDA:0,emailValidation
DA:2,0
LF:1
LH:0
BRF:0
BRH:0
end_of_record
